-------------------------------------------------------------------------------
Test set: runner.Runner
-------------------------------------------------------------------------------
Tests run: 7, Failures: 0, Errors: 3, Skipped: 0, Time elapsed: 104.595 s <<< FAILURE! - in runner.Runner
Creation of user in SMT application.Verify user is able to create new SD Admin role user  Time elapsed: 37.12 s  <<< ERROR!
net.thucydides.core.webdriver.exceptions.ElementShouldBeDisabledException: Expected disabled element was not disabled
Caused by: org.openqa.selenium.TimeoutException: Expected condition failed: waiting for By.xpath: //span[text()='Export'] to not be enabled (tried for 5 second(s) with 100 milliseconds interval)
Caused by: org.openqa.selenium.NoSuchElementException: 
no such element: Unable to locate element: {"method":"xpath","selector":"//span[text()='Export']"}
  (Session info: chrome=107.0.5304.122)
For documentation on this error, please visit: https://selenium.dev/exceptions/#no_such_element
Build info: version: '4.6.0', revision: '79f1c02ae20'
System info: os.name: 'Windows 10', os.arch: 'amd64', os.version: '10.0', java.version: '1.8.0_341'
Driver info: org.openqa.selenium.chrome.ChromeDriver
Command: [759af9e4e8a96dff6d53f6c301c90f6f, findElement {using=xpath, value=//span[text()='Export']}]
Capabilities {acceptInsecureCerts: false, browserName: chrome, browserVersion: 107.0.5304.122, chrome: {chromedriverVersion: 107.0.5304.62 (1eec40d3a576..., userDataDir: C:\Users\SANDEE~1.PHA\AppDa...}, goog:chromeOptions: {debuggerAddress: localhost:60120}, networkConnectionEnabled: false, pageLoadStrategy: normal, platformName: WINDOWS, proxy: Proxy(), se:cdp: ws://localhost:60120/devtoo..., se:cdpVersion: 107.0.5304.122, setWindowRect: true, strictFileInteractability: false, timeouts: {implicit: 0, pageLoad: 300000, script: 30000}, unhandledPromptBehavior: dismiss and notify, webauthn:extension:credBlob: true, webauthn:extension:largeBlob: true, webauthn:virtualAuthenticators: true}
Session ID: 759af9e4e8a96dff6d53f6c301c90f6f

Login to SMT application.Login to the application with valid credentials  Time elapsed: 6.814 s  <<< ERROR!
io.cucumber.junit.UndefinedStepException: 
The step 'User is on sign in page' is undefined.
You can implement this step using the snippet(s) below:

@Given("User is on sign in page")
public void user_is_on_sign_in_page() {
    // Write code here that turns the phrase above into concrete actions
    throw new io.cucumber.java.PendingException();
}


Login to SMT application.Login to the application with invalid credentials  Time elapsed: 7.118 s  <<< ERROR!
io.cucumber.junit.UndefinedStepException: 
The step 'User is on sign in page' is undefined.
You can implement this step using the snippet(s) below:

@Given("User is on sign in page")
public void user_is_on_sign_in_page() {
    // Write code here that turns the phrase above into concrete actions
    throw new io.cucumber.java.PendingException();
}


